#
# There is insufficient memory for the Java Runtime Environment to continue.
# Native memory allocation (malloc) failed to allocate 65552 bytes for Chunk::new
# Possible reasons:
#   The system is out of physical RAM or swap space
#   In 32 bit mode, the process size limit was hit
# Possible solutions:
#   Reduce memory load on the system
#   Increase physical memory or swap space
#   Check if swap backing store is full
#   Use 64 bit Java on a 64 bit OS
#   Decrease Java heap size (-Xmx/-Xms)
#   Decrease number of Java threads
#   Decrease Java thread stack sizes (-Xss)
#   Set larger code cache with -XX:ReservedCodeCacheSize=
# This output file may be truncated or incomplete.
#
#  Out of Memory Error (allocation.cpp:390), pid=5844, tid=0x0000000000001480
#
# JRE version: OpenJDK Runtime Environment (8.0_152-b02) (build 1.8.0_152-release-1024-b02)
# Java VM: OpenJDK 64-Bit Server VM (25.152-b02 mixed mode windows-amd64 compressed oops)
# Failed to write core dump. Minidumps are not enabled by default on client versions of Windows
#

---------------  T H R E A D  ---------------

Current thread (0x0000000015f0c800):  JavaThread "C2 CompilerThread1" daemon [_thread_in_native, id=5248, stack(0x0000000017650000,0x0000000017750000)]

Stack: [0x0000000017650000,0x0000000017750000]
[error occurred during error reporting (printing stack bounds), id 0xc0000005]

Native frames: (J=compiled Java code, j=interpreted, Vv=VM code, C=native code)


Current CompileTask:
C2:12858606 25616       4       org.codehaus.groovy.runtime.metaclass.MetaMethodIndex::copyNonPrivateMethods (149 bytes)


---------------  P R O C E S S  ---------------

Java Threads: ( => current thread )
  0x000000001c2e6800 JavaThread "Cache worker for Artifact transforms cache (C:\Users\User\.gradle\caches\transforms-1)" [_thread_blocked, id=8656, stack(0x000000004f5b0000,0x000000004f6b0000)]
  0x000000001c2e2800 JavaThread "Cache worker for file hash cache (D:\Shivesh Task\RoveClone\.gradle\4.4\fileHashes)" [_thread_blocked, id=6772, stack(0x000000004f4b0000,0x000000004f5b0000)]
  0x000000001860a000 JavaThread "Stdin handler" [_thread_blocked, id=10196, stack(0x000000004f3b0000,0x000000004f4b0000)]
  0x0000000018608000 JavaThread "Asynchronous log dispatcher for DefaultDaemonConnection: socket connection from /127.0.0.1:56214 to /127.0.0.1:59352" [_thread_blocked, id=2992, stack(0x000000004f2b0000,0x000000004f3b0000)]
  0x000000001860d000 JavaThread "Daemon worker Thread 28" [_thread_in_vm, id=4104, stack(0x000000004f1b0000,0x000000004f2b0000)]
  0x000000001860b800 JavaThread "Cancel handler" [_thread_blocked, id=4960, stack(0x000000004f0b0000,0x000000004f1b0000)]
  0x0000000018607000 JavaThread "Handler for socket connection from /127.0.0.1:56214 to /127.0.0.1:59352" [_thread_in_native, id=9604, stack(0x000000004efb0000,0x000000004f0b0000)]
  0x0000000018606800 JavaThread "Daemon Thread 28" [_thread_blocked, id=4976, stack(0x000000004eeb0000,0x000000004efb0000)]
  0x000000001aeba000 JavaThread "Memory manager" [_thread_blocked, id=8692, stack(0x0000000020580000,0x0000000020680000)]
  0x000000001aeb8800 JavaThread "pool-1-thread-1" [_thread_blocked, id=208, stack(0x0000000020280000,0x0000000020380000)]
  0x0000000018b70000 JavaThread "File lock request listener" [_thread_in_native, id=11012, stack(0x000000001b970000,0x000000001ba70000)]
  0x0000000018bbf000 JavaThread "Cache worker for file hash cache (C:\Users\User\.gradle\caches\4.4\fileHashes)" [_thread_blocked, id=9264, stack(0x000000001b870000,0x000000001b970000)]
  0x0000000018f75000 JavaThread "Daemon periodic checks" [_thread_blocked, id=6752, stack(0x0000000019da0000,0x0000000019ea0000)]
  0x0000000018f83000 JavaThread "Incoming local TCP Connector on port 56214" [_thread_in_native, id=1044, stack(0x0000000019b60000,0x0000000019c60000)]
  0x0000000015f6b000 JavaThread "Service Thread" daemon [_thread_blocked, id=5136, stack(0x0000000017c50000,0x0000000017d50000)]
  0x0000000015f5c800 JavaThread "C1 CompilerThread2" daemon [_thread_blocked, id=7404, stack(0x0000000017750000,0x0000000017850000)]
=>0x0000000015f0c800 JavaThread "C2 CompilerThread1" daemon [_thread_in_native, id=5248, stack(0x0000000017650000,0x0000000017750000)]
  0x0000000015f18800 JavaThread "C2 CompilerThread0" daemon [_thread_in_native, id=9612, stack(0x0000000017550000,0x0000000017650000)]
  0x0000000015f17000 JavaThread "Attach Listener" daemon [_thread_blocked, id=8280, stack(0x0000000017450000,0x0000000017550000)]
  0x0000000015f15800 JavaThread "Signal Dispatcher" daemon [_thread_blocked, id=7352, stack(0x0000000017350000,0x0000000017450000)]
  0x000000000259d000 JavaThread "Finalizer" daemon [_thread_blocked, id=9916, stack(0x0000000017160000,0x0000000017260000)]
  0x0000000002591000 JavaThread "Reference Handler" daemon [_thread_blocked, id=7760, stack(0x0000000017060000,0x0000000017160000)]
  0x000000000235d800 JavaThread "main" [_thread_blocked, id=10392, stack(0x00000000023a0000,0x00000000024a0000)]

Other Threads:
  0x0000000015ed5800 VMThread [stack: 0x0000000016f60000,0x0000000017060000] [id=7068]
  0x0000000015f6e000 WatcherThread [stack: 0x0000000017d50000,0x0000000017e50000] [id=5456]

VM state:not at safepoint (normal execution)

VM Mutex/Monitor currently owned by a thread: None

Heap:
 PSYoungGen      total 468992K, used 181209K [0x00000000e0000000, 0x0000000100000000, 0x0000000100000000)
  eden space 449024K, 40% used [0x00000000e0000000,0x00000000eb0f65e0,0x00000000fb680000)
  from space 19968K, 0% used [0x00000000fb680000,0x00000000fb680000,0x00000000fca00000)
  to   space 19968K, 0% used [0x00000000fec80000,0x00000000fec80000,0x0000000100000000)
 ParOldGen       total 117248K, used 48912K [0x00000000a0000000, 0x00000000a7280000, 0x00000000e0000000)
  object space 117248K, 41% used [0x00000000a0000000,0x00000000a2fc4358,0x00000000a7280000)
 Metaspace       used 85315K, capacity 90794K, committed 93016K, reserved 1130496K
  class space    used 10650K, capacity 11591K, committed 12160K, reserved 1048576K

Card table byte_map: [0x0000000011960000,0x0000000011c70000] byte_map_base: 0x0000000011460000

Marking Bits: (ParMarkBitMap*) 0x0000000064be4970
 Begin Bits: [0x0000000012270000, 0x0000000013a70000)
 End Bits:   [0x0000000013a70000, 0x0000000015270000)

Polling page: 0x0000000000500000

CodeCache: size=245760Kb used=71847Kb max_used=71847Kb free=173912Kb
 bounds [0x00000000025a0000, 0x0000000006c50000, 0x00000000115a0000]
 total_blobs=20064 nmethods=19221 adapters=753
 compilation: enabled

Compilation events (10 events):
Event: 12856.526 Thread 0x0000000015f5c800 25619       3       sun.reflect.generics.tree.MethodTypeSignature::make (12 bytes)
Event: 12856.527 Thread 0x0000000015f5c800 nmethod 25619 0x0000000006c36c10 code [0x0000000006c36d80, 0x0000000006c37010]
Event: 12856.529 Thread 0x0000000015f5c800 25620       3       sun.reflect.generics.tree.MethodTypeSignature::<init> (26 bytes)
Event: 12856.529 Thread 0x0000000015f5c800 nmethod 25620 0x0000000006c367d0 code [0x0000000006c36920, 0x0000000006c36b30]
Event: 12856.531 Thread 0x0000000015f5c800 25622       3       groovyjarjarasm.asm.ClassWriter::newUTF8 (70 bytes)
Event: 12856.532 Thread 0x0000000015f5c800 nmethod 25622 0x0000000006c35f90 code [0x0000000006c36160, 0x0000000006c365b8]
Event: 12856.533 Thread 0x0000000015f5c800 25623       3       java.lang.Class::getConstructor0 (103 bytes)
Event: 12856.536 Thread 0x0000000015f5c800 nmethod 25623 0x0000000006c3d390 code [0x0000000006c3d680, 0x0000000006c3eb58]
Event: 12856.538 Thread 0x0000000015f5c800 25621       3       groovyjarjarasm.asm.MethodWriter::visitVarInsn (292 bytes)
Event: 12856.540 Thread 0x0000000015f5c800 nmethod 25621 0x0000000006c34f10 code [0x0000000006c35140, 0x0000000006c35ba8]

GC Heap History (10 events):
Event: 11973.393 GC heap before
{Heap before GC invocations=53 (full 3):
 PSYoungGen      total 343040K, used 342647K [0x00000000e0000000, 0x00000000fa200000, 0x0000000100000000)
  eden space 325632K, 99% used [0x00000000e0000000,0x00000000f3da35a8,0x00000000f3e00000)
  from space 17408K, 99% used [0x00000000f3e00000,0x00000000f4efa870,0x00000000f4f00000)
  to   space 20480K, 0% used [0x00000000f8e00000,0x00000000f8e00000,0x00000000fa200000)
 ParOldGen       total 108544K, used 93679K [0x00000000a0000000, 0x00000000a6a00000, 0x00000000e0000000)
  object space 108544K, 86% used [0x00000000a0000000,0x00000000a5b7bfd0,0x00000000a6a00000)
 Metaspace       used 85020K, capacity 91530K, committed 91736K, reserved 1128448K
  class space    used 10736K, capacity 11818K, committed 11904K, reserved 1048576K
Event: 11973.453 GC heap after
Heap after GC invocations=53 (full 3):
 PSYoungGen      total 402432K, used 12282K [0x00000000e0000000, 0x00000000f9f00000, 0x0000000100000000)
  eden space 385024K, 0% used [0x00000000e0000000,0x00000000e0000000,0x00000000f7800000)
  from space 17408K, 70% used [0x00000000f8e00000,0x00000000f99fe900,0x00000000f9f00000)
  to   space 19968K, 0% used [0x00000000f7800000,0x00000000f7800000,0x00000000f8b80000)
 ParOldGen       total 108544K, used 93881K [0x00000000a0000000, 0x00000000a6a00000, 0x00000000e0000000)
  object space 108544K, 86% used [0x00000000a0000000,0x00000000a5bae618,0x00000000a6a00000)
 Metaspace       used 85020K, capacity 91530K, committed 91736K, reserved 1128448K
  class space    used 10736K, capacity 11818K, committed 11904K, reserved 1048576K
}
Event: 12030.043 GC heap before
{Heap before GC invocations=54 (full 3):
 PSYoungGen      total 402432K, used 396432K [0x00000000e0000000, 0x00000000f9f00000, 0x0000000100000000)
  eden space 385024K, 99% used [0x00000000e0000000,0x00000000f7725760,0x00000000f7800000)
  from space 17408K, 70% used [0x00000000f8e00000,0x00000000f99fe900,0x00000000f9f00000)
  to   space 19968K, 0% used [0x00000000f7800000,0x00000000f7800000,0x00000000f8b80000)
 ParOldGen       total 108544K, used 93881K [0x00000000a0000000, 0x00000000a6a00000, 0x00000000e0000000)
  object space 108544K, 86% used [0x00000000a0000000,0x00000000a5bae618,0x00000000a6a00000)
 Metaspace       used 85066K, capacity 91594K, committed 91736K, reserved 1128448K
  class space    used 10736K, capacity 11818K, committed 11904K, reserved 1048576K
Event: 12030.131 GC heap after
Heap after GC invocations=54 (full 3):
 PSYoungGen      total 404992K, used 14954K [0x00000000e0000000, 0x00000000fe180000, 0x0000000100000000)
  eden space 385024K, 0% used [0x00000000e0000000,0x00000000e0000000,0x00000000f7800000)
  from space 19968K, 74% used [0x00000000f7800000,0x00000000f869a910,0x00000000f8b80000)
  to   space 20480K, 0% used [0x00000000fcd80000,0x00000000fcd80000,0x00000000fe180000)
 ParOldGen       total 108544K, used 94081K [0x00000000a0000000, 0x00000000a6a00000, 0x00000000e0000000)
  object space 108544K, 86% used [0x00000000a0000000,0x00000000a5be0638,0x00000000a6a00000)
 Metaspace       used 85066K, capacity 91594K, committed 91736K, reserved 1128448K
  class space    used 10736K, capacity 11818K, committed 11904K, reserved 1048576K
}
Event: 12231.041 GC heap before
{Heap before GC invocations=55 (full 3):
 PSYoungGen      total 404992K, used 399978K [0x00000000e0000000, 0x00000000fe180000, 0x0000000100000000)
  eden space 385024K, 100% used [0x00000000e0000000,0x00000000f7800000,0x00000000f7800000)
  from space 19968K, 74% used [0x00000000f7800000,0x00000000f869a910,0x00000000f8b80000)
  to   space 20480K, 0% used [0x00000000fcd80000,0x00000000fcd80000,0x00000000fe180000)
 ParOldGen       total 108544K, used 94081K [0x00000000a0000000, 0x00000000a6a00000, 0x00000000e0000000)
  object space 108544K, 86% used [0x00000000a0000000,0x00000000a5be0638,0x00000000a6a00000)
 Metaspace       used 85403K, capacity 91958K, committed 92248K, reserved 1130496K
  class space    used 10766K, capacity 11846K, committed 11904K, reserved 1048576K
Event: 12231.575 GC heap after
Heap after GC invocations=55 (full 3):
 PSYoungGen      total 465408K, used 12000K [0x00000000e0000000, 0x00000000fdd80000, 0x0000000100000000)
  eden space 449024K, 0% used [0x00000000e0000000,0x00000000e0000000,0x00000000fb680000)
  from space 16384K, 73% used [0x00000000fcd80000,0x00000000fd938040,0x00000000fdd80000)
  to   space 19968K, 0% used [0x00000000fb680000,0x00000000fb680000,0x00000000fca00000)
 ParOldGen       total 108544K, used 95848K [0x00000000a0000000, 0x00000000a6a00000, 0x00000000e0000000)
  object space 108544K, 88% used [0x00000000a0000000,0x00000000a5d9a2b8,0x00000000a6a00000)
 Metaspace       used 85403K, capacity 91958K, committed 92248K, reserved 1130496K
  class space    used 10766K, capacity 11846K, committed 11904K, reserved 1048576K
}
Event: 12316.145 GC heap before
{Heap before GC invocations=56 (full 3):
 PSYoungGen      total 465408K, used 460246K [0x00000000e0000000, 0x00000000fdd80000, 0x0000000100000000)
  eden space 449024K, 99% used [0x00000000e0000000,0x00000000fb5bdae8,0x00000000fb680000)
  from space 16384K, 73% used [0x00000000fcd80000,0x00000000fd938040,0x00000000fdd80000)
  to   space 19968K, 0% used [0x00000000fb680000,0x00000000fb680000,0x00000000fca00000)
 ParOldGen       total 108544K, used 95848K [0x00000000a0000000, 0x00000000a6a00000, 0x00000000e0000000)
  object space 108544K, 88% used [0x00000000a0000000,0x00000000a5d9a2b8,0x00000000a6a00000)
 Metaspace       used 85483K, capacity 92054K, committed 92248K, reserved 1130496K
  class space    used 10770K, capacity 11878K, committed 11904K, reserved 1048576K
Event: 12316.251 GC heap after
Heap after GC invocations=56 (full 3):
 PSYoungGen      total 468992K, used 7478K [0x00000000e0000000, 0x0000000100000000, 0x0000000100000000)
  eden space 449024K, 0% used [0x00000000e0000000,0x00000000e0000000,0x00000000fb680000)
  from space 19968K, 37% used [0x00000000fb680000,0x00000000fbdcd9a8,0x00000000fca00000)
  to   space 19968K, 0% used [0x00000000fec80000,0x00000000fec80000,0x0000000100000000)
 ParOldGen       total 108544K, used 102883K [0x00000000a0000000, 0x00000000a6a00000, 0x00000000e0000000)
  object space 108544K, 94% used [0x00000000a0000000,0x00000000a6478c90,0x00000000a6a00000)
 Metaspace       used 85483K, capacity 92054K, committed 92248K, reserved 1130496K
  class space    used 10770K, capacity 11878K, committed 11904K, reserved 1048576K
}
Event: 12316.251 GC heap before
{Heap before GC invocations=57 (full 4):
 PSYoungGen      total 468992K, used 7478K [0x00000000e0000000, 0x0000000100000000, 0x0000000100000000)
  eden space 449024K, 0% used [0x00000000e0000000,0x00000000e0000000,0x00000000fb680000)
  from space 19968K, 37% used [0x00000000fb680000,0x00000000fbdcd9a8,0x00000000fca00000)
  to   space 19968K, 0% used [0x00000000fec80000,0x00000000fec80000,0x0000000100000000)
 ParOldGen       total 108544K, used 102883K [0x00000000a0000000, 0x00000000a6a00000, 0x00000000e0000000)
  object space 108544K, 94% used [0x00000000a0000000,0x00000000a6478c90,0x00000000a6a00000)
 Metaspace       used 85483K, capacity 92054K, committed 92248K, reserved 1130496K
  class space    used 10770K, capacity 11878K, committed 11904K, reserved 1048576K
Event: 12329.271 GC heap after
Heap after GC invocations=57 (full 4):
 PSYoungGen      total 468992K, used 0K [0x00000000e0000000, 0x0000000100000000, 0x0000000100000000)
  eden space 449024K, 0% used [0x00000000e0000000,0x00000000e0000000,0x00000000fb680000)
  from space 19968K, 0% used [0x00000000fb680000,0x00000000fb680000,0x00000000fca00000)
  to   space 19968K, 0% used [0x00000000fec80000,0x00000000fec80000,0x0000000100000000)
 ParOldGen       total 117248K, used 48912K [0x00000000a0000000, 0x00000000a7280000, 0x00000000e0000000)
  object space 117248K, 41% used [0x00000000a0000000,0x00000000a2fc4358,0x00000000a7280000)
 Metaspace       used 84514K, capacity 89844K, committed 92248K, reserved 1130496K
  class space    used 10503K, capacity 11409K, committed 11904K, reserved 1048576K
}

Deoptimization events (10 events):
Event: 12855.390 Thread 0x000000001860d000 Uncommon trap: reason=unstable_if action=reinterpret pc=0x000000000369800c method=java.lang.ref.SoftReference.get()Ljava/lang/Object; @ 6
Event: 12855.401 Thread 0x000000001860d000 Uncommon trap: reason=class_check action=maybe_recompile pc=0x0000000006c2a688 method=java.util.jar.Manifest$FastInputStream.fill()V @ 24
Event: 12855.604 Thread 0x000000001860d000 Uncommon trap: reason=unstable_if action=reinterpret pc=0x0000000002d711e4 method=java.lang.ref.SoftReference.get()Ljava/lang/Object; @ 6
Event: 12855.986 Thread 0x000000001860d000 Uncommon trap: reason=class_check action=maybe_recompile pc=0x0000000006c2a688 method=java.util.jar.Manifest$FastInputStream.fill()V @ 24
Event: 12856.256 Thread 0x000000001860d000 Uncommon trap: reason=class_check action=maybe_recompile pc=0x0000000002b1062c method=org.codehaus.groovy.reflection.ParameterTypes.getParametersTypes0()V @ 16
Event: 12856.275 Thread 0x000000001860d000 Uncommon trap: reason=class_check action=maybe_recompile pc=0x0000000002b1062c method=org.codehaus.groovy.reflection.ParameterTypes.getParametersTypes0()V @ 16
Event: 12856.275 Thread 0x000000001860d000 Uncommon trap: reason=class_check action=maybe_recompile pc=0x0000000002b1062c method=org.codehaus.groovy.reflection.ParameterTypes.getParametersTypes0()V @ 16
Event: 12856.493 Thread 0x000000001860d000 Uncommon trap: reason=array_check action=maybe_recompile pc=0x00000000064c036c method=java.util.ComparableTimSort.mergeLo(IIII)V @ 81
Event: 12856.493 Thread 0x000000001860d000 Uncommon trap: reason=array_check action=maybe_recompile pc=0x00000000064c036c method=java.util.ComparableTimSort.mergeLo(IIII)V @ 81
Event: 12856.495 Thread 0x000000001860d000 Uncommon trap: reason=array_check action=maybe_recompile pc=0x0000000006bbb5dc method=java.util.ComparableTimSort.mergeHi(IIII)V @ 101

Classes redefined (0 events):
No events

Internal exceptions (10 events):
Event: 12856.163 Thread 0x000000001860d000 Exception <a 'java/lang/ClassNotFoundException': groovy/lang/ReferenceBeanInfo> (0x00000000eaccf8d8) thrown at [D:\src\AOSP-openjdk-cygwin\jdk8u\hotspot\src\share\vm\classfile\systemDictionary.cpp, line 210]
Event: 12856.166 Thread 0x000000001860d000 Exception <a 'java/lang/ClassNotFoundException': groovy/lang/ReferenceCustomizer> (0x00000000eacee058) thrown at [D:\src\AOSP-openjdk-cygwin\jdk8u\hotspot\src\share\vm\classfile\systemDictionary.cpp, line 210]
Event: 12856.238 Thread 0x000000001860d000 Exception <a 'java/lang/ClassNotFoundException': java/util/HashSetBeanInfo> (0x00000000ead3fe50) thrown at [D:\src\AOSP-openjdk-cygwin\jdk8u\hotspot\src\share\vm\classfile\systemDictionary.cpp, line 210]
Event: 12856.238 Thread 0x000000001860d000 Exception <a 'java/lang/ClassNotFoundException': java/util/AbstractSetBeanInfo> (0x00000000ead46588) thrown at [D:\src\AOSP-openjdk-cygwin\jdk8u\hotspot\src\share\vm\classfile\systemDictionary.cpp, line 210]
Event: 12856.253 Thread 0x000000001860d000 Exception <a 'java/lang/ClassNotFoundException': java/util/AbstractSetCustomizer> (0x00000000ead4cd00) thrown at [D:\src\AOSP-openjdk-cygwin\jdk8u\hotspot\src\share\vm\classfile\systemDictionary.cpp, line 210]
Event: 12856.255 Thread 0x000000001860d000 Exception <a 'java/lang/ClassNotFoundException': java/util/HashSetCustomizer> (0x00000000ead62b48) thrown at [D:\src\AOSP-openjdk-cygwin\jdk8u\hotspot\src\share\vm\classfile\systemDictionary.cpp, line 210]
Event: 12856.497 Thread 0x000000001860d000 Exception <a 'java/lang/ClassNotFoundException': org/gradle/invocation/DefaultGradle_DecoratedBeanInfo> (0x00000000eae05b90) thrown at [D:\src\AOSP-openjdk-cygwin\jdk8u\hotspot\src\share\vm\classfile\systemDictionary.cpp, line 210]
Event: 12856.497 Thread 0x000000001860d000 Exception <a 'java/lang/ClassNotFoundException': org/gradle/invocation/DefaultGradleBeanInfo> (0x00000000eae2a3a8) thrown at [D:\src\AOSP-openjdk-cygwin\jdk8u\hotspot\src\share\vm\classfile\systemDictionary.cpp, line 210]
Event: 12856.498 Thread 0x000000001860d000 Exception <a 'java/lang/ClassNotFoundException': org/gradle/invocation/DefaultGradleCustomizer> (0x00000000eae4f5f8) thrown at [D:\src\AOSP-openjdk-cygwin\jdk8u\hotspot\src\share\vm\classfile\systemDictionary.cpp, line 210]
Event: 12856.526 Thread 0x000000001860d000 Exception <a 'java/lang/ClassNotFoundException': org/gradle/invocation/DefaultGradle_DecoratedCustomizer> (0x00000000eaec3430) thrown at [D:\src\AOSP-openjdk-cygwin\jdk8u\hotspot\src\share\vm\classfile\systemDictionary.cpp, line 210]

Events (10 events):
Event: 12856.524 loading class org/gradle/invocation/DefaultGradle_DecoratedCustomizer
Event: 12856.524 loading class org/gradle/invocation/DefaultGradle_DecoratedCustomizer done
Event: 12856.524 loading class org/gradle/invocation/DefaultGradle_DecoratedCustomizer
Event: 12856.524 loading class org/gradle/invocation/DefaultGradle_DecoratedCustomizer done
Event: 12856.524 loading class org/gradle/invocation/DefaultGradle_DecoratedCustomizer
Event: 12856.524 loading class org/gradle/invocation/DefaultGradle_DecoratedCustomizer done
Event: 12856.526 loading class org/gradle/invocation/DefaultGradle_DecoratedCustomizer
Event: 12856.526 loading class org/gradle/invocation/DefaultGradle_DecoratedCustomizer done
Event: 12856.533 loading class JetGradlePlugin$_apply_closure3
Event: 12856.533 loading class JetGradlePlugin$_apply_closure3 done


Dynamic libraries:
0x00007ff7dbe70000 - 0x00007ff7dbea1000 	C:\Program Files\Android\Android Studio\jre\bin\java.exe
0x00007ffd23940000 - 0x00007ffd23b21000 	C:\WINDOWS\SYSTEM32\ntdll.dll
0x00007ffd20e90000 - 0x00007ffd20f42000 	C:\WINDOWS\System32\KERNEL32.DLL
0x00007ffd1fdb0000 - 0x00007ffd20023000 	C:\WINDOWS\System32\KERNELBASE.dll
0x00007ffd23690000 - 0x00007ffd23731000 	C:\WINDOWS\System32\ADVAPI32.dll
0x00007ffd212f0000 - 0x00007ffd2138e000 	C:\WINDOWS\System32\msvcrt.dll
0x00007ffd20dd0000 - 0x00007ffd20e2b000 	C:\WINDOWS\System32\sechost.dll
0x00007ffd237d0000 - 0x00007ffd238f4000 	C:\WINDOWS\System32\RPCRT4.dll
0x00007ffd210b0000 - 0x00007ffd21240000 	C:\WINDOWS\System32\USER32.dll
0x00007ffd20970000 - 0x00007ffd20990000 	C:\WINDOWS\System32\win32u.dll
0x00007ffd22d50000 - 0x00007ffd22d78000 	C:\WINDOWS\System32\GDI32.dll
0x00007ffd20990000 - 0x00007ffd20b22000 	C:\WINDOWS\System32\gdi32full.dll
0x00007ffd1fd10000 - 0x00007ffd1fdaf000 	C:\WINDOWS\System32\msvcp_win.dll
0x00007ffd200e0000 - 0x00007ffd201da000 	C:\WINDOWS\System32\ucrtbase.dll
0x00007ffd14270000 - 0x00007ffd144d9000 	C:\WINDOWS\WinSxS\amd64_microsoft.windows.common-controls_6595b64144ccf1df_6.0.17134.165_none_fb429645306569ac\COMCTL32.dll
0x00007ffd23300000 - 0x00007ffd23623000 	C:\WINDOWS\System32\combase.dll
0x00007ffd208f0000 - 0x00007ffd2096a000 	C:\WINDOWS\System32\bcryptPrimitives.dll
0x00007ffd20f50000 - 0x00007ffd20f7d000 	C:\WINDOWS\System32\IMM32.DLL
0x0000000064310000 - 0x00000000643e2000 	C:\Program Files\Android\Android Studio\jre\jre\bin\msvcr100.dll
0x0000000064420000 - 0x0000000064c5f000 	C:\Program Files\Android\Android Studio\jre\jre\bin\server\jvm.dll
0x00007ffd22d80000 - 0x00007ffd22d88000 	C:\WINDOWS\System32\PSAPI.DLL
0x00007ffd1cab0000 - 0x00007ffd1cad3000 	C:\WINDOWS\SYSTEM32\WINMM.dll
0x00007ffd1b8a0000 - 0x00007ffd1b8a9000 	C:\WINDOWS\SYSTEM32\WSOCK32.dll
0x00007ffd156e0000 - 0x00007ffd156ea000 	C:\WINDOWS\SYSTEM32\VERSION.dll
0x00007ffd23760000 - 0x00007ffd237cc000 	C:\WINDOWS\System32\WS2_32.dll
0x00007ffd1ca80000 - 0x00007ffd1caaa000 	C:\WINDOWS\SYSTEM32\winmmbase.dll
0x00007ffd20090000 - 0x00007ffd200d9000 	C:\WINDOWS\System32\cfgmgr32.dll
0x00007ffd1b4f0000 - 0x00007ffd1b4ff000 	C:\Program Files\Android\Android Studio\jre\jre\bin\verify.dll
0x00007ffd0bab0000 - 0x00007ffd0bad9000 	C:\Program Files\Android\Android Studio\jre\jre\bin\java.dll
0x00007ffd0c9e0000 - 0x00007ffd0c9f6000 	C:\Program Files\Android\Android Studio\jre\jre\bin\zip.dll
0x00007ffd215e0000 - 0x00007ffd22a20000 	C:\WINDOWS\System32\SHELL32.dll
0x00007ffd21240000 - 0x00007ffd212e9000 	C:\WINDOWS\System32\shcore.dll
0x00007ffd201e0000 - 0x00007ffd208ed000 	C:\WINDOWS\System32\windows.storage.dll
0x00007ffd23630000 - 0x00007ffd23681000 	C:\WINDOWS\System32\shlwapi.dll
0x00007ffd1fc80000 - 0x00007ffd1fc91000 	C:\WINDOWS\System32\kernel.appcore.dll
0x00007ffd1fc60000 - 0x00007ffd1fc7f000 	C:\WINDOWS\System32\profapi.dll
0x00007ffd1fca0000 - 0x00007ffd1fcec000 	C:\WINDOWS\System32\powrprof.dll
0x00007ffd1fc50000 - 0x00007ffd1fc5a000 	C:\WINDOWS\System32\FLTLIB.DLL
0x00007ffd0c130000 - 0x00007ffd0c14a000 	C:\Program Files\Android\Android Studio\jre\jre\bin\net.dll
0x00007ffd1f470000 - 0x00007ffd1f4d6000 	C:\WINDOWS\system32\mswsock.dll
0x00007ffd0c090000 - 0x00007ffd0c0a1000 	C:\Program Files\Android\Android Studio\jre\jre\bin\nio.dll
0x00007ffd1a100000 - 0x00007ffd1a11e000 	C:\Users\User\.gradle\native\25\windows-amd64\native-platform.dll
0x00007ffd1a970000 - 0x00007ffd1a97d000 	C:\Program Files\Android\Android Studio\jre\jre\bin\management.dll
0x00007ffd1f620000 - 0x00007ffd1f637000 	C:\WINDOWS\SYSTEM32\CRYPTSP.dll
0x00007ffd1f050000 - 0x00007ffd1f083000 	C:\WINDOWS\system32\rsaenh.dll
0x00007ffd1f750000 - 0x00007ffd1f775000 	C:\WINDOWS\SYSTEM32\bcrypt.dll
0x00007ffd1fb50000 - 0x00007ffd1fb78000 	C:\WINDOWS\SYSTEM32\USERENV.dll
0x00007ffd1f640000 - 0x00007ffd1f64b000 	C:\WINDOWS\SYSTEM32\CRYPTBASE.dll
0x00007ffd1f1f0000 - 0x00007ffd1f228000 	C:\WINDOWS\SYSTEM32\IPHLPAPI.DLL
0x00007ffd23900000 - 0x00007ffd23908000 	C:\WINDOWS\System32\NSI.dll
0x00007ffd17130000 - 0x00007ffd17146000 	C:\WINDOWS\SYSTEM32\dhcpcsvc6.DLL
0x00007ffd18a60000 - 0x00007ffd18a7a000 	C:\WINDOWS\SYSTEM32\dhcpcsvc.DLL

VM Arguments:
jvm_args: -Xmx1536m -Dfile.encoding=windows-1252 -Duser.country=IN -Duser.language=en -Duser.variant 
java_command: org.gradle.launcher.daemon.bootstrap.GradleDaemon 4.4
java_class_path (initial): C:\Users\User\.gradle\wrapper\dists\gradle-4.4-all\9br9xq1tocpiv8o6njlyu5op1\gradle-4.4\lib\gradle-launcher-4.4.jar
Launcher Type: SUN_STANDARD

Environment Variables:
JAVA_HOME=C:\Program Files\Java\jdk1.8.0_171
PATH=C:\Program Files (x86)\Common Files\Oracle\Java\javapath;C:\oraclexe\app\oracle\product\11.2.0\server\bin;C:\WINDOWS\system32;C:\WINDOWS;C:\WINDOWS\System32\Wbem;C:\WINDOWS\System32\WindowsPowerShell\v1.0\;C:\Program Files\Git\cmd;C:\Users\User\AppData\Local\Android\Sdk\platform-tools;C:\WINDOWS\System32\OpenSSH\;C:\Users\User\AppData\Local\Microsoft\WindowsApps;
USERNAME=User
OS=Windows_NT
PROCESSOR_IDENTIFIER=Intel64 Family 6 Model 69 Stepping 1, GenuineIntel



---------------  S Y S T E M  ---------------

OS: Windows 10.0 , 64 bit Build 17134 (10.0.17134.1)

CPU:total 4 (initial active 4) (2 cores per cpu, 2 threads per core) family 6 model 69 stepping 1, cmov, cx8, fxsr, mmx, sse, sse2, sse3, ssse3, sse4.1, sse4.2, popcnt, avx, avx2, aes, clmul, erms, lzcnt, ht, tsc, tscinvbit, bmi1, bmi2

Memory: 4k page, physical 4129068k(1002920k free), swap 6078764k(2884k free)

vm_info: OpenJDK 64-Bit Server VM (25.152-b02) for windows-amd64 JRE (1.8.0_152-release-1024-b02), built by "builder" with MS VC++ 10.0 (VS2010)

time: Mon Jul 30 04:40:02 2018
elapsed time: 12857 seconds (0d 3h 34m 17s)

