#
# There is insufficient memory for the Java Runtime Environment to continue.
# Native memory allocation (malloc) failed to allocate 1048576 bytes for AllocateHeap
# Possible reasons:
#   The system is out of physical RAM or swap space
#   In 32 bit mode, the process size limit was hit
# Possible solutions:
#   Reduce memory load on the system
#   Increase physical memory or swap space
#   Check if swap backing store is full
#   Use 64 bit Java on a 64 bit OS
#   Decrease Java heap size (-Xmx/-Xms)
#   Decrease number of Java threads
#   Decrease Java thread stack sizes (-Xss)
#   Set larger code cache with -XX:ReservedCodeCacheSize=
# This output file may be truncated or incomplete.
#
#  Out of Memory Error (memory/allocation.inline.hpp:61), pid=4904, tid=0x00000000000021e8
#
# JRE version:  (8.0_152-b02) (build )
# Java VM: OpenJDK 64-Bit Server VM (25.152-b02 mixed mode windows-amd64 compressed oops)
# Failed to write core dump. Minidumps are not enabled by default on client versions of Windows
#

---------------  T H R E A D  ---------------

Current thread (0x00000000026c3800):  JavaThread "Unknown thread" [_thread_in_vm, id=8680, stack(0x00000000025c0000,0x00000000026c0000)]

Stack: [0x00000000025c0000,0x00000000026c0000]
[error occurred during error reporting (printing stack bounds), id 0xc0000005]

Native frames: (J=compiled Java code, j=interpreted, Vv=VM code, C=native code)


---------------  P R O C E S S  ---------------

Java Threads: ( => current thread )

Other Threads:

=>0x00000000026c3800 (exited) JavaThread "Unknown thread" [_thread_in_vm, id=8680, stack(0x00000000025c0000,0x00000000026c0000)]

VM state:not at safepoint (normal execution)

VM Mutex/Monitor currently owned by a thread: None

Heap:
 PSYoungGen      total 18944K, used 327K [0x00000000feb00000, 0x0000000100000000, 0x0000000100000000)
  eden space 16384K, 2% used [0x00000000feb00000,0x00000000feb51ec8,0x00000000ffb00000)
  from space 2560K, 0% used [0x00000000ffd80000,0x00000000ffd80000,0x0000000100000000)
  to   space 2560K, 0% used [0x00000000ffb00000,0x00000000ffb00000,0x00000000ffd80000)
 ParOldGen       total 44032K, used 0K [0x00000000fc000000, 0x00000000feb00000, 0x00000000feb00000)
  object space 44032K, 0% used [0x00000000fc000000,0x00000000fc000000,0x00000000feb00000)
 Metaspace       used 772K, capacity 4480K, committed 4480K, reserved 1056768K
  class space    used 73K, capacity 384K, committed 384K, reserved 1048576K

Card table byte_map: [0x0000000002480000,0x00000000024b0000] byte_map_base: 0x0000000001ca0000

Marking Bits: (ParMarkBitMap*) 0x0000000064be4970
 Begin Bits: [0x0000000011f80000, 0x0000000012080000)
 End Bits:   [0x0000000012080000, 0x0000000012180000)

Polling page: 0x0000000000a90000

CodeCache: size=245760Kb used=328Kb max_used=328Kb free=245431Kb
 bounds [0x00000000027c0000, 0x0000000002a30000, 0x00000000117c0000]
 total_blobs=57 nmethods=0 adapters=38
 compilation: enabled

Compilation events (0 events):
No events

GC Heap History (0 events):
No events

Deoptimization events (0 events):
No events

Classes redefined (0 events):
No events

Internal exceptions (0 events):
No events

Events (10 events):
Event: 0.067 loading class java/lang/Short
Event: 0.067 loading class java/lang/Short done
Event: 0.067 loading class java/lang/Integer
Event: 0.067 loading class java/lang/Integer done
Event: 0.067 loading class java/lang/Long
Event: 0.067 loading class java/lang/Long done
Event: 0.068 loading class java/lang/NullPointerException
Event: 0.068 loading class java/lang/NullPointerException done
Event: 0.068 loading class java/lang/ArithmeticException
Event: 0.068 loading class java/lang/ArithmeticException done


Dynamic libraries:
0x00007ff65c530000 - 0x00007ff65c561000 	C:\Program Files\Android\Android Studio\jre\bin\java.exe
0x00007ffd23940000 - 0x00007ffd23b21000 	C:\WINDOWS\SYSTEM32\ntdll.dll
0x00007ffd20e90000 - 0x00007ffd20f42000 	C:\WINDOWS\System32\KERNEL32.DLL
0x00007ffd1fdb0000 - 0x00007ffd20023000 	C:\WINDOWS\System32\KERNELBASE.dll
0x00007ffd23690000 - 0x00007ffd23731000 	C:\WINDOWS\System32\ADVAPI32.dll
0x00007ffd212f0000 - 0x00007ffd2138e000 	C:\WINDOWS\System32\msvcrt.dll
0x00007ffd20dd0000 - 0x00007ffd20e2b000 	C:\WINDOWS\System32\sechost.dll
0x00007ffd237d0000 - 0x00007ffd238f4000 	C:\WINDOWS\System32\RPCRT4.dll
0x00007ffd210b0000 - 0x00007ffd21240000 	C:\WINDOWS\System32\USER32.dll
0x00007ffd20970000 - 0x00007ffd20990000 	C:\WINDOWS\System32\win32u.dll
0x00007ffd22d50000 - 0x00007ffd22d78000 	C:\WINDOWS\System32\GDI32.dll
0x00007ffd20990000 - 0x00007ffd20b22000 	C:\WINDOWS\System32\gdi32full.dll
0x00007ffd1fd10000 - 0x00007ffd1fdaf000 	C:\WINDOWS\System32\msvcp_win.dll
0x00007ffd200e0000 - 0x00007ffd201da000 	C:\WINDOWS\System32\ucrtbase.dll
0x00007ffd14270000 - 0x00007ffd144d9000 	C:\WINDOWS\WinSxS\amd64_microsoft.windows.common-controls_6595b64144ccf1df_6.0.17134.165_none_fb429645306569ac\COMCTL32.dll
0x00007ffd23300000 - 0x00007ffd23623000 	C:\WINDOWS\System32\combase.dll
0x00007ffd208f0000 - 0x00007ffd2096a000 	C:\WINDOWS\System32\bcryptPrimitives.dll
0x00007ffd20f50000 - 0x00007ffd20f7d000 	C:\WINDOWS\System32\IMM32.DLL
0x0000000064340000 - 0x0000000064412000 	C:\Program Files\Android\Android Studio\jre\jre\bin\msvcr100.dll
0x0000000064420000 - 0x0000000064c5f000 	C:\Program Files\Android\Android Studio\jre\jre\bin\server\jvm.dll
0x00007ffd22d80000 - 0x00007ffd22d88000 	C:\WINDOWS\System32\PSAPI.DLL
0x00007ffd1cab0000 - 0x00007ffd1cad3000 	C:\WINDOWS\SYSTEM32\WINMM.dll
0x00007ffd156e0000 - 0x00007ffd156ea000 	C:\WINDOWS\SYSTEM32\VERSION.dll
0x00007ffd1ca80000 - 0x00007ffd1caaa000 	C:\WINDOWS\SYSTEM32\WINMMBASE.dll
0x00007ffd20090000 - 0x00007ffd200d9000 	C:\WINDOWS\System32\cfgmgr32.dll
0x00007ffd1d230000 - 0x00007ffd1d239000 	C:\WINDOWS\SYSTEM32\WSOCK32.dll
0x00007ffd23760000 - 0x00007ffd237cc000 	C:\WINDOWS\System32\ws2_32.DLL
0x00007ffd1d1e0000 - 0x00007ffd1d1ef000 	C:\Program Files\Android\Android Studio\jre\jre\bin\verify.dll
0x00007ffd1b340000 - 0x00007ffd1b369000 	C:\Program Files\Android\Android Studio\jre\jre\bin\java.dll
0x00007ffd1b590000 - 0x00007ffd1b5a6000 	C:\Program Files\Android\Android Studio\jre\jre\bin\zip.dll

VM Arguments:
jvm_args: -Djava.awt.headless=true -Xmx64M -Dfile.encoding=windows-1252 -Duser.country=IN -Duser.language=en -Duser.variant 
java_command: com.google.devtools.build.android.desugar.Desugar --input D:\Shivesh Task\RoveClone\app\build\intermediates\transforms\stackFramesFixer\debug\30.jar --output D:\Shivesh Task\RoveClone\app\build\intermediates\transforms\desugar\debug\31.jar --input D:\Shivesh Task\RoveClone\app\build\intermediates\transforms\stackFramesFixer\debug\3.jar --output D:\Shivesh Task\RoveClone\app\build\intermediates\transforms\desugar\debug\4.jar --input D:\Shivesh Task\RoveClone\app\build\intermediates\transforms\stackFramesFixer\debug\2.jar --output D:\Shivesh Task\RoveClone\app\build\intermediates\transforms\desugar\debug\3.jar --input D:\Shivesh Task\RoveClone\app\build\intermediates\transforms\stackFramesFixer\debug\19.jar --output D:\Shivesh Task\RoveClone\app\build\intermediates\transforms\desugar\debug\20.jar --input D:\Shivesh Task\RoveClone\app\build\intermediates\transforms\stackFramesFixer\debug\4.jar --output D:\Shivesh Task\RoveClone\app\build\intermediates\transforms\desugar\debug\5.jar --input D:\Shivesh Task\RoveClone\app\build\intermediates\transforms\stackFramesFixer\debug\25.jar --output D:\Shivesh Task\RoveClone\app\build\intermediates\transforms\desugar\debug\26.jar --input D:\Shivesh Task\RoveClone\app\build\intermediates\transforms\stackFramesFixer\debug\7.jar --output D:\Shivesh Task\RoveClone\app\build\intermediates\transforms\desugar\debug\8.jar --input D:\Shivesh Task\RoveClone\app\build\intermediates\transforms\stackFramesFixer\debug\27.jar --output D:\Shivesh Task\RoveClone\app\build\intermediates\transforms\desugar\debug\28.jar --input D:\Shivesh Task\RoveClone\app\build\intermediates\transforms\stackFramesFixer\debug\6.jar --output D:\Shivesh Task\RoveClone\app\build\intermediates\transforms\desugar\debug\7.jar --input D:\Shivesh Task\RoveClone\app\build\intermediates\transforms\stackFramesFixer\debug\5.jar --output D:\Shivesh Task\RoveClone\app\build\intermediates\transforms\desugar\debug\6.jar --input D:\Shivesh Task\RoveClone\app\build\in
java_class_path (initial): C:\Users\User\AppData\Local\Temp\desugar_deploy.jar4277167534123136182
Launcher Type: SUN_STANDARD

Environment Variables:
JAVA_HOME=C:\Program Files\Java\jdk1.8.0_171
PATH=C:\Program Files (x86)\Common Files\Oracle\Java\javapath;C:\oraclexe\app\oracle\product\11.2.0\server\bin;C:\WINDOWS\system32;C:\WINDOWS;C:\WINDOWS\System32\Wbem;C:\WINDOWS\System32\WindowsPowerShell\v1.0\;C:\Program Files\Git\cmd;C:\Users\User\AppData\Local\Android\Sdk\platform-tools;C:\WINDOWS\System32\OpenSSH\;C:\Users\User\AppData\Local\Microsoft\WindowsApps;
USERNAME=User
OS=Windows_NT
PROCESSOR_IDENTIFIER=Intel64 Family 6 Model 69 Stepping 1, GenuineIntel



---------------  S Y S T E M  ---------------

OS: Windows 10.0 , 64 bit Build 17134 (10.0.17134.1)

CPU:total 4 (initial active 4) (2 cores per cpu, 2 threads per core) family 6 model 69 stepping 1, cmov, cx8, fxsr, mmx, sse, sse2, sse3, ssse3, sse4.1, sse4.2, popcnt, avx, avx2, aes, clmul, erms, lzcnt, ht, tsc, tscinvbit, bmi1, bmi2

Memory: 4k page, physical 4129068k(469020k free), swap 6078764k(34556k free)

vm_info: OpenJDK 64-Bit Server VM (25.152-b02) for windows-amd64 JRE (1.8.0_152-release-1024-b02), built by "builder" with MS VC++ 10.0 (VS2010)

time: Sun Jul 29 12:18:22 2018
elapsed time: 0 seconds (0d 0h 0m 0s)

